<?xml version="1.0" encoding="UTF-8"?>
<!-- Generated by org.testng.reporters.JUnitReportReporter -->
<testsuite hostname="admins-MacBook-4.local" name="demo.SecondRun" tests="2" failures="0" timestamp="7 Feb 2017 02:19:33 GMT" time="15.051" errors="0">
  <testcase name="test04_Method" time="4.953" classname="demo.SecondRun"/>
  <testcase name="test03_Method" time="10.098" classname="demo.SecondRun"/>
</testsuite> <!-- demo.SecondRun -->
